18.0814 	WARNING 	Font Manager failed to load file /System/Library/PrivateFrameworks/FontServices.framework/Resources/Reserved/PingFangUI.ttc
21.0368 	WARNING 	Monitor specification not found. Creating a temporary one...
21.3486 	DEBUG 	TextBox2 loaded 1 chars with 0 blanks and 1 valid
21.3494 	DEBUG 	TextBox2 loaded 1 chars with 0 blanks and 1 valid
21.3499 	DEBUG 	TextBox2 loaded 1 chars with 0 blanks and 1 valid
21.3505 	DEBUG 	TextBox2 loaded 1 chars with 0 blanks and 1 valid
21.3512 	DEBUG 	TextBox2 loaded 1 chars with 0 blanks and 1 valid
21.3514 	DEBUG 	TextBox2 loaded 1 chars with 0 blanks and 1 valid
21.3519 	DEBUG 	TextBox2 loaded 1 chars with 0 blanks and 1 valid
21.3525 	DEBUG 	TextBox2 loaded 1 chars with 0 blanks and 1 valid
21.3529 	DEBUG 	TextBox2 loaded 1 chars with 0 blanks and 1 valid
21.3531 	DEBUG 	TextBox2 loaded 1 chars with 0 blanks and 1 valid
21.3536 	DEBUG 	TextBox2 loaded 1 chars with 0 blanks and 1 valid
21.3540 	DEBUG 	TextBox2 loaded 1 chars with 0 blanks and 1 valid
21.3545 	DEBUG 	TextBox2 loaded 1 chars with 0 blanks and 1 valid
21.3550 	DEBUG 	TextBox2 loaded 1 chars with 0 blanks and 1 valid
21.3554 	DEBUG 	TextBox2 loaded 1 chars with 0 blanks and 1 valid
21.3559 	DEBUG 	TextBox2 loaded 1 chars with 0 blanks and 1 valid
21.3564 	DEBUG 	TextBox2 loaded 1 chars with 0 blanks and 1 valid
21.3566 	DEBUG 	TextBox2 loaded 1 chars with 0 blanks and 1 valid
21.3569 	DEBUG 	TextBox2 loaded 1 chars with 0 blanks and 1 valid
21.3576 	DEBUG 	TextBox2 loaded 1 chars with 0 blanks and 1 valid
21.3580 	DEBUG 	TextBox2 loaded 1 chars with 0 blanks and 1 valid
21.3587 	DEBUG 	Uploading Texture Font fontname to graphics card
21.3640 	DEBUG 	Upload of Texture Font fontname complete
21.3712 	DEBUG 	TextBox2 loaded 1 chars with 0 blanks and 1 valid
21.3720 	DEBUG 	TextBox2 loaded 1 chars with 0 blanks and 1 valid
21.3727 	DEBUG 	TextBox2 loaded 1 chars with 0 blanks and 1 valid
21.3729 	DEBUG 	Uploading Texture Font fontname to graphics card
21.3751 	DEBUG 	Upload of Texture Font fontname complete
22.3971 	WARNING 	Couldn't measure a consistent frame rate!
  - Is your graphics card set to sync to vertical blank?
  - Are you running other processes on your computer?

22.3979 	EXP 	Created window1 = Window(allowGUI=True, allowStencil=False, autoLog=True, backendConf=UNKNOWN, backgroundFit=<method-wrapper '__getattribute__' of attributeSetter object at 0x16dfaa8f0>, backgroundImage=<method-wrapper '__getattribute__' of attributeSetter object at 0x16dfaa950>, bitsMode=UNKNOWN, blendMode='avg', bpc=(8, 8, 8), color=array([0.5, 0.5, 0.5]), colorSpace='rgb', depthBits=8, fullscr=False, gamma=None, gammaErrorPolicy='raise', infoMsg=UNKNOWN, lms=UNKNOWN, monitor=<psychopy.monitors.calibTools.Monitor object at 0x16e0a45e0>, multiSample=False, name='window1', numSamples=2, pos=(464, 258), screen=0, size=array([1600, 1200]), stencilBits=0, stereo=False, title='PsychoPy', units='norm', useFBO=False, useRetina=True, viewOri=0.0, viewPos=None, viewScale=None, waitBlanking=True, winType='pyglet')
22.3980 	EXP 	window1: backgroundImage = None
22.3980 	EXP 	window1: backgroundFit = 'cover'
22.4013 	EXP 	Created gabor = GratingStim(__class__=<class 'psychopy.visual.grating.GratingStim'>, anchor='center', autoDraw=False, autoLog=True, blendmode='avg', color=array([1., 1., 1.]), colorSpace='rgb', contrast=1.0, depth=0, draggable=False, interpolate=False, mask='gauss', maskParams=None, name='gabor', opacity=1, ori=0.0, phase=array([0., 0.]), pos=array([0., 0.]), rgbPedestal=array([0., 0., 0.]), sf=array([5., 5.]), size=array([1.5, 2. ]), tex='sin', texRes=128, units='norm', win=Window(...))
22.4093 	EXP 	gabor: autoDraw = True
24.1088 	WARNING 	t of last frame was 21.42ms (=1/46)
24.4397 	DEBUG 	Saving data for DisjunctiveConclusion ExperimentHandler
24.4411 	INFO 	saved data to /Users/lakhi/Developer/MEiCogSci/deductive-reasoning-expt/data/276591_DisjunctiveConclusion_2025-07-28_18h59.55.608.psydat
24.4415 	INFO 	saved data to '/Users/lakhi/Developer/MEiCogSci/deductive-reasoning-expt/data/276591_DisjunctiveConclusion_2025-07-28_18h59.55.608.csv'
18.7713 	WARNING 	Font Manager failed to load file /System/Library/PrivateFrameworks/FontServices.framework/Resources/Reserved/PingFangUI.ttc
26.6045 	WARNING 	Monitor specification not found. Creating a temporary one...
26.9097 	DEBUG 	TextBox2 loaded 1 chars with 0 blanks and 1 valid
26.9105 	DEBUG 	TextBox2 loaded 1 chars with 0 blanks and 1 valid
26.9110 	DEBUG 	TextBox2 loaded 1 chars with 0 blanks and 1 valid
26.9117 	DEBUG 	TextBox2 loaded 1 chars with 0 blanks and 1 valid
26.9123 	DEBUG 	TextBox2 loaded 1 chars with 0 blanks and 1 valid
26.9126 	DEBUG 	TextBox2 loaded 1 chars with 0 blanks and 1 valid
26.9131 	DEBUG 	TextBox2 loaded 1 chars with 0 blanks and 1 valid
26.9138 	DEBUG 	TextBox2 loaded 1 chars with 0 blanks and 1 valid
26.9141 	DEBUG 	TextBox2 loaded 1 chars with 0 blanks and 1 valid
26.9143 	DEBUG 	TextBox2 loaded 1 chars with 0 blanks and 1 valid
26.9148 	DEBUG 	TextBox2 loaded 1 chars with 0 blanks and 1 valid
26.9153 	DEBUG 	TextBox2 loaded 1 chars with 0 blanks and 1 valid
26.9157 	DEBUG 	TextBox2 loaded 1 chars with 0 blanks and 1 valid
26.9163 	DEBUG 	TextBox2 loaded 1 chars with 0 blanks and 1 valid
26.9167 	DEBUG 	TextBox2 loaded 1 chars with 0 blanks and 1 valid
26.9172 	DEBUG 	TextBox2 loaded 1 chars with 0 blanks and 1 valid
26.9178 	DEBUG 	TextBox2 loaded 1 chars with 0 blanks and 1 valid
26.9180 	DEBUG 	TextBox2 loaded 1 chars with 0 blanks and 1 valid
26.9183 	DEBUG 	TextBox2 loaded 1 chars with 0 blanks and 1 valid
26.9190 	DEBUG 	TextBox2 loaded 1 chars with 0 blanks and 1 valid
26.9194 	DEBUG 	TextBox2 loaded 1 chars with 0 blanks and 1 valid
26.9199 	DEBUG 	Uploading Texture Font fontname to graphics card
26.9260 	DEBUG 	Upload of Texture Font fontname complete
26.9324 	DEBUG 	TextBox2 loaded 1 chars with 0 blanks and 1 valid
26.9331 	DEBUG 	TextBox2 loaded 1 chars with 0 blanks and 1 valid
26.9338 	DEBUG 	TextBox2 loaded 1 chars with 0 blanks and 1 valid
26.9339 	DEBUG 	Uploading Texture Font fontname to graphics card
26.9359 	DEBUG 	Upload of Texture Font fontname complete
27.9597 	WARNING 	Couldn't measure a consistent frame rate!
  - Is your graphics card set to sync to vertical blank?
  - Are you running other processes on your computer?

27.9610 	EXP 	Created window1 = Window(allowGUI=True, allowStencil=False, autoLog=True, backendConf=UNKNOWN, backgroundFit=<method-wrapper '__getattribute__' of attributeSetter object at 0x16dd968f0>, backgroundImage=<method-wrapper '__getattribute__' of attributeSetter object at 0x16dd96950>, bitsMode=UNKNOWN, blendMode='avg', bpc=(8, 8, 8), color=array([0.5, 0.5, 0.5]), colorSpace='rgb', depthBits=8, fullscr=False, gamma=None, gammaErrorPolicy='raise', infoMsg=UNKNOWN, lms=UNKNOWN, monitor=<psychopy.monitors.calibTools.Monitor object at 0x16de992a0>, multiSample=False, name='window1', numSamples=2, pos=(464, 258), screen=0, size=array([1600, 1200]), stencilBits=0, stereo=False, title='PsychoPy', units='norm', useFBO=False, useRetina=True, viewOri=0.0, viewPos=None, viewScale=None, waitBlanking=True, winType='pyglet')
27.9611 	EXP 	window1: backgroundImage = None
27.9612 	EXP 	window1: backgroundFit = 'cover'
27.9811 	DEBUG 	Read csv file with pandas: lists/fam_trials_list.csv
27.9882 	DEBUG 	Clearing unnamed columns from lists/fam_trials_list.csv
27.9888 	EXP 	Imported lists/fam_trials_list.csv as conditions, 4 conditions, 2 params
28.0017 	DEBUG 	Saving data for DisjunctiveConclusion ExperimentHandler
28.0029 	INFO 	saved data to /Users/lakhi/Developer/MEiCogSci/deductive-reasoning-expt/data/732763_DisjunctiveConclusion_2025-07-28_19h23.40.197.psydat
28.0032 	INFO 	saved data to '/Users/lakhi/Developer/MEiCogSci/deductive-reasoning-expt/data/732763_DisjunctiveConclusion_2025-07-28_19h23.40.197.csv'
18.4338 	WARNING 	Font Manager failed to load file /System/Library/PrivateFrameworks/FontServices.framework/Resources/Reserved/PingFangUI.ttc
21.3795 	WARNING 	Monitor specification not found. Creating a temporary one...
21.6831 	DEBUG 	TextBox2 loaded 1 chars with 0 blanks and 1 valid
21.6840 	DEBUG 	TextBox2 loaded 1 chars with 0 blanks and 1 valid
21.6846 	DEBUG 	TextBox2 loaded 1 chars with 0 blanks and 1 valid
21.6853 	DEBUG 	TextBox2 loaded 1 chars with 0 blanks and 1 valid
21.6860 	DEBUG 	TextBox2 loaded 1 chars with 0 blanks and 1 valid
21.6863 	DEBUG 	TextBox2 loaded 1 chars with 0 blanks and 1 valid
21.6868 	DEBUG 	TextBox2 loaded 1 chars with 0 blanks and 1 valid
21.6875 	DEBUG 	TextBox2 loaded 1 chars with 0 blanks and 1 valid
21.6879 	DEBUG 	TextBox2 loaded 1 chars with 0 blanks and 1 valid
21.6882 	DEBUG 	TextBox2 loaded 1 chars with 0 blanks and 1 valid
21.6888 	DEBUG 	TextBox2 loaded 1 chars with 0 blanks and 1 valid
21.6893 	DEBUG 	TextBox2 loaded 1 chars with 0 blanks and 1 valid
21.6898 	DEBUG 	TextBox2 loaded 1 chars with 0 blanks and 1 valid
21.6904 	DEBUG 	TextBox2 loaded 1 chars with 0 blanks and 1 valid
21.6908 	DEBUG 	TextBox2 loaded 1 chars with 0 blanks and 1 valid
21.6913 	DEBUG 	TextBox2 loaded 1 chars with 0 blanks and 1 valid
21.6919 	DEBUG 	TextBox2 loaded 1 chars with 0 blanks and 1 valid
21.6921 	DEBUG 	TextBox2 loaded 1 chars with 0 blanks and 1 valid
21.6924 	DEBUG 	TextBox2 loaded 1 chars with 0 blanks and 1 valid
21.6931 	DEBUG 	TextBox2 loaded 1 chars with 0 blanks and 1 valid
21.6936 	DEBUG 	TextBox2 loaded 1 chars with 0 blanks and 1 valid
21.6944 	DEBUG 	Uploading Texture Font fontname to graphics card
21.7008 	DEBUG 	Upload of Texture Font fontname complete
21.7074 	DEBUG 	TextBox2 loaded 1 chars with 0 blanks and 1 valid
21.7081 	DEBUG 	TextBox2 loaded 1 chars with 0 blanks and 1 valid
21.7088 	DEBUG 	TextBox2 loaded 1 chars with 0 blanks and 1 valid
21.7090 	DEBUG 	Uploading Texture Font fontname to graphics card
21.7111 	DEBUG 	Upload of Texture Font fontname complete
22.7110 	WARNING 	Couldn't measure a consistent frame rate!
  - Is your graphics card set to sync to vertical blank?
  - Are you running other processes on your computer?

22.7122 	EXP 	Created window1 = Window(allowGUI=True, allowStencil=False, autoLog=True, backendConf=UNKNOWN, backgroundFit=<method-wrapper '__getattribute__' of attributeSetter object at 0x16ba668f0>, backgroundImage=<method-wrapper '__getattribute__' of attributeSetter object at 0x16ba66950>, bitsMode=UNKNOWN, blendMode='avg', bpc=(8, 8, 8), color=array([0.5, 0.5, 0.5]), colorSpace='rgb', depthBits=8, fullscr=False, gamma=None, gammaErrorPolicy='raise', infoMsg=UNKNOWN, lms=UNKNOWN, monitor=<psychopy.monitors.calibTools.Monitor object at 0x16bb690c0>, multiSample=False, name='window1', numSamples=2, pos=(464, 258), screen=0, size=array([1600, 1200]), stencilBits=0, stereo=False, title='PsychoPy', units='norm', useFBO=False, useRetina=True, viewOri=0.0, viewPos=None, viewScale=None, waitBlanking=True, winType='pyglet')
22.7122 	EXP 	window1: backgroundImage = None
22.7122 	EXP 	window1: backgroundFit = 'cover'
22.7244 	DEBUG 	Read csv file with pandas: lists/fam_trials_list.csv
22.7326 	DEBUG 	Clearing unnamed columns from lists/fam_trials_list.csv
22.7335 	EXP 	Imported lists/fam_trials_list.csv as conditions, 4 conditions, 2 params
22.7999 	DEBUG 	Using /Users/lakhi/Developer/MEiCogSci/deductive-reasoning-expt/disjunctive_concl.py as origin file
22.8020 	EXP 	New trial (rep=0, index=0): <Trial 0 (0 in rep 0) data={'fam_video_filename': 'video_stimuli/FAM_videos/fam_nonsense1.mov', 'is_high_confidence_object': 0, 'thisN': 0, 'thisTrialN': 0, 'thisRepN': 0}>
22.8188 	DEBUG 	Saving data for DisjunctiveConclusion ExperimentHandler
22.8201 	INFO 	saved data to /Users/lakhi/Developer/MEiCogSci/deductive-reasoning-expt/data/484199_DisjunctiveConclusion_2025-07-28_19h27.04.910.psydat
22.8204 	INFO 	saved data to '/Users/lakhi/Developer/MEiCogSci/deductive-reasoning-expt/data/484199_DisjunctiveConclusion_2025-07-28_19h27.04.910.csv'
18.3887 	WARNING 	Font Manager failed to load file /System/Library/PrivateFrameworks/FontServices.framework/Resources/Reserved/PingFangUI.ttc
25.7290 	WARNING 	Monitor specification not found. Creating a temporary one...
26.0497 	DEBUG 	TextBox2 loaded 1 chars with 0 blanks and 1 valid
26.0504 	DEBUG 	TextBox2 loaded 1 chars with 0 blanks and 1 valid
26.0509 	DEBUG 	TextBox2 loaded 1 chars with 0 blanks and 1 valid
26.0516 	DEBUG 	TextBox2 loaded 1 chars with 0 blanks and 1 valid
26.0522 	DEBUG 	TextBox2 loaded 1 chars with 0 blanks and 1 valid
26.0525 	DEBUG 	TextBox2 loaded 1 chars with 0 blanks and 1 valid
26.0530 	DEBUG 	TextBox2 loaded 1 chars with 0 blanks and 1 valid
26.0537 	DEBUG 	TextBox2 loaded 1 chars with 0 blanks and 1 valid
26.0540 	DEBUG 	TextBox2 loaded 1 chars with 0 blanks and 1 valid
26.0542 	DEBUG 	TextBox2 loaded 1 chars with 0 blanks and 1 valid
26.0547 	DEBUG 	TextBox2 loaded 1 chars with 0 blanks and 1 valid
26.0552 	DEBUG 	TextBox2 loaded 1 chars with 0 blanks and 1 valid
26.0556 	DEBUG 	TextBox2 loaded 1 chars with 0 blanks and 1 valid
26.0562 	DEBUG 	TextBox2 loaded 1 chars with 0 blanks and 1 valid
26.0566 	DEBUG 	TextBox2 loaded 1 chars with 0 blanks and 1 valid
26.0571 	DEBUG 	TextBox2 loaded 1 chars with 0 blanks and 1 valid
26.0578 	DEBUG 	TextBox2 loaded 1 chars with 0 blanks and 1 valid
26.0581 	DEBUG 	TextBox2 loaded 1 chars with 0 blanks and 1 valid
26.0584 	DEBUG 	TextBox2 loaded 1 chars with 0 blanks and 1 valid
26.0595 	DEBUG 	TextBox2 loaded 1 chars with 0 blanks and 1 valid
26.0601 	DEBUG 	TextBox2 loaded 1 chars with 0 blanks and 1 valid
26.0614 	DEBUG 	Uploading Texture Font fontname to graphics card
26.0673 	DEBUG 	Upload of Texture Font fontname complete
26.0725 	DEBUG 	TextBox2 loaded 1 chars with 0 blanks and 1 valid
26.0733 	DEBUG 	TextBox2 loaded 1 chars with 0 blanks and 1 valid
26.0739 	DEBUG 	TextBox2 loaded 1 chars with 0 blanks and 1 valid
26.0741 	DEBUG 	Uploading Texture Font fontname to graphics card
26.0764 	DEBUG 	Upload of Texture Font fontname complete
27.0957 	WARNING 	Couldn't measure a consistent frame rate!
  - Is your graphics card set to sync to vertical blank?
  - Are you running other processes on your computer?

27.0966 	EXP 	Created window1 = Window(allowGUI=True, allowStencil=False, autoLog=True, backendConf=UNKNOWN, backgroundFit=<method-wrapper '__getattribute__' of attributeSetter object at 0x16bd568f0>, backgroundImage=<method-wrapper '__getattribute__' of attributeSetter object at 0x16bd56950>, bitsMode=UNKNOWN, blendMode='avg', bpc=(8, 8, 8), color=array([0.5, 0.5, 0.5]), colorSpace='rgb', depthBits=8, fullscr=False, gamma=None, gammaErrorPolicy='raise', infoMsg=UNKNOWN, lms=UNKNOWN, monitor=<psychopy.monitors.calibTools.Monitor object at 0x16cc65090>, multiSample=False, name='window1', numSamples=2, pos=(464, 258), screen=0, size=array([1600, 1200]), stencilBits=0, stereo=False, title='PsychoPy', units='norm', useFBO=False, useRetina=True, viewOri=0.0, viewPos=None, viewScale=None, waitBlanking=True, winType='pyglet')
27.0967 	EXP 	window1: backgroundImage = None
27.0967 	EXP 	window1: backgroundFit = 'cover'
27.1136 	DEBUG 	Read csv file with pandas: lists/fam_trials_list.csv
27.1211 	DEBUG 	Clearing unnamed columns from lists/fam_trials_list.csv
27.1218 	EXP 	Imported lists/fam_trials_list.csv as conditions, 4 conditions, 2 params
27.7438 	WARNING 	t of last frame was 648.11ms (=1/1)
27.7438 	EXP 	unnamed MovieStim: autoLog = True
27.7717 	WARNING 	t of last frame was 23.87ms (=1/41)
28.8576 	WARNING 	t of last frame was 30.73ms (=1/32)
29.8504 	WARNING 	t of last frame was 22.25ms (=1/44)
34.4073 	WARNING 	Multiple dropped frames have occurred - I'll stop bothering you about them!
53.4066 	EXP 	unnamed MovieStim: autoLog = True
79.6981 	DEBUG 	Saving data for DisjunctiveConclusion ExperimentHandler
79.7021 	INFO 	saved data to /Users/lakhi/Developer/MEiCogSci/deductive-reasoning-expt/data/122548_DisjunctiveConclusion_2025-07-28_20h04.46.587.psydat
79.7025 	INFO 	saved data to '/Users/lakhi/Developer/MEiCogSci/deductive-reasoning-expt/data/122548_DisjunctiveConclusion_2025-07-28_20h04.46.587.csv'
